make --dry-run --always-make --keep-going --print-directory
make: Entering directory `/home/dtrad/modules/suhybrid'
g++ -c -Wall -Wno-write-strings -g -Wno-deprecated -Wno-deprecated-declarations  -O3  -DCWP_LITTLE_ENDIAN suradonhybrid.cpp -I/home/dtrad/cwp/include  -I./
g++ -c -Wall -Wno-write-strings -g -Wno-deprecated -Wno-deprecated-declarations  -O3  -DCWP_LITTLE_ENDIAN radonhybrid.cpp -I/home/dtrad/cwp/include  -I./
g++ -c -Wall -Wno-write-strings -g -Wno-deprecated -Wno-deprecated-declarations  -O3  -DCWP_LITTLE_ENDIAN radon_wtcgls_2op.cpp -I/home/dtrad/cwp/include  -I./
g++ -c -Wall -Wno-write-strings -g -Wno-deprecated -Wno-deprecated-declarations  -O3  -DCWP_LITTLE_ENDIAN radoninv_2op.cpp -I/home/dtrad/cwp/include  -I./
g++ -c -Wall -Wno-write-strings -g -Wno-deprecated -Wno-deprecated-declarations  -O3  -DCWP_LITTLE_ENDIAN radon_param.cpp -I/home/dtrad/cwp/include  -I./
g++ -c -Wall -Wno-write-strings -g -Wno-deprecated -Wno-deprecated-declarations  -O3  -DCWP_LITTLE_ENDIAN radon_param_2op.cpp -I/home/dtrad/cwp/include  -I./
g++ -c -Wall -Wno-write-strings -g -Wno-deprecated -Wno-deprecated-declarations  -O3  -DCWP_LITTLE_ENDIAN interpovv.cpp -I/home/dtrad/cwp/include  -I./
g++ -c -Wall -Wno-write-strings -g -Wno-deprecated -Wno-deprecated-declarations  -O3  -DCWP_LITTLE_ENDIAN modelweight.cpp -I/home/dtrad/cwp/include  -I./
g++ -c -Wall -Wno-write-strings -g -Wno-deprecated -Wno-deprecated-declarations  -O3  -DCWP_LITTLE_ENDIAN nmo.cpp -I/home/dtrad/cwp/include  -I./
g++ -c -Wall -Wno-write-strings -g -Wno-deprecated -Wno-deprecated-declarations  -O3  -DCWP_LITTLE_ENDIAN radon_matrix.cpp -I/home/dtrad/cwp/include  -I./
g++ -c -Wall -Wno-write-strings -g -Wno-deprecated -Wno-deprecated-declarations  -O3  -DCWP_LITTLE_ENDIAN interval.cpp -I/home/dtrad/cwp/include  -I./
g++ -c -Wall -Wno-write-strings -g -Wno-deprecated -Wno-deprecated-declarations  -O3  -DCWP_LITTLE_ENDIAN taper.c -I/home/dtrad/cwp/include  -I./
g++ -c -Wall -Wno-write-strings -g -Wno-deprecated -Wno-deprecated-declarations  -O3  -DCWP_LITTLE_ENDIAN wtcgls_solvers.cpp -I/home/dtrad/cwp/include  -I./
g++ -c -Wall -Wno-write-strings -g -Wno-deprecated -Wno-deprecated-declarations  -O3  -DCWP_LITTLE_ENDIAN getvelocities.cpp -I/home/dtrad/cwp/include  -I./
g++ -c -Wall -Wno-write-strings -g -Wno-deprecated -Wno-deprecated-declarations  -O3  -DCWP_LITTLE_ENDIAN save_vector.cpp -I/home/dtrad/cwp/include  -I./
g++ -c -Wall -Wno-write-strings -g -Wno-deprecated -Wno-deprecated-declarations  -O3  -DCWP_LITTLE_ENDIAN cleansegy.c -I/home/dtrad/cwp/include  -I./
g++ -c -Wall -Wno-write-strings -g -Wno-deprecated -Wno-deprecated-declarations  -O3  -DCWP_LITTLE_ENDIAN xtimesy.cpp -I/home/dtrad/cwp/include  -I./
g++ -c -Wall -Wno-write-strings -g -Wno-deprecated -Wno-deprecated-declarations  -O3  -DCWP_LITTLE_ENDIAN xequaly.cpp -I/home/dtrad/cwp/include  -I./
g++ -c -Wall -Wno-write-strings -g -Wno-deprecated -Wno-deprecated-declarations  -O3  -DCWP_LITTLE_ENDIAN Atimesx.cpp -I/home/dtrad/cwp/include  -I./
g++ -c -Wall -Wno-write-strings -g -Wno-deprecated -Wno-deprecated-declarations  -O3  -DCWP_LITTLE_ENDIAN dot.cpp -I/home/dtrad/cwp/include  -I./
g++ -c -Wall -Wno-write-strings -g -Wno-deprecated -Wno-deprecated-declarations  -O3  -DCWP_LITTLE_ENDIAN cdot.cpp -I/home/dtrad/cwp/include  -I./
g++ -c -Wall -Wno-write-strings -g -Wno-deprecated -Wno-deprecated-declarations  -O3  -DCWP_LITTLE_ENDIAN fft.cpp -I/home/dtrad/cwp/include  -I./
g++ -c -Wall -Wno-write-strings -g -Wno-deprecated -Wno-deprecated-declarations  -O3  -DCWP_LITTLE_ENDIAN fft2.cpp -I/home/dtrad/cwp/include  -I./
g++ -c -Wall -Wno-write-strings -g -Wno-deprecated -Wno-deprecated-declarations  -O3  -DCWP_LITTLE_ENDIAN freqweight.cpp -I/home/dtrad/cwp/include  -I./
g++ -c -Wall -Wno-write-strings -g -Wno-deprecated -Wno-deprecated-declarations  -O3  -DCWP_LITTLE_ENDIAN window.cpp -I/home/dtrad/cwp/include  -I./
g++ -c -Wall -Wno-write-strings -g -Wno-deprecated -Wno-deprecated-declarations  -O3  -DCWP_LITTLE_ENDIAN Complex.cpp -I/home/dtrad/cwp/include  -I./
g++ -c -Wall -Wno-write-strings -g -Wno-deprecated -Wno-deprecated-declarations  -O3  -DCWP_LITTLE_ENDIAN rcdot.cpp -I/home/dtrad/cwp/include  -I./
g++ -c -Wall -Wno-write-strings -g -Wno-deprecated -Wno-deprecated-declarations  -O3  -DCWP_LITTLE_ENDIAN plotgather.cpp -I/home/dtrad/cwp/include  -I./
g++ -c -Wall -Wno-write-strings -g -Wno-deprecated -Wno-deprecated-declarations  -O3  -DCWP_LITTLE_ENDIAN filters.cpp -I/home/dtrad/cwp/include  -I./
g++ -o suradonhybrid suradonhybrid.o radonhybrid.o radon_wtcgls_2op.o radoninv_2op.o radon_param.o radon_param_2op.o interpovv.o modelweight.o nmo.o radon_matrix.o interval.o taper.o wtcgls_solvers.o getvelocities.o save_vector.o cleansegy.o xtimesy.o xequaly.o Atimesx.o dot.o cdot.o fft.o fft2.o freqweight.o window.o Complex.o rcdot.o plotgather.o filters.o -I/home/dtrad/cwp/include -O3  -D_FILE_OFFSET_BITS=64 -D_LARGEFILE64_SOURCE -DCWP_LITTLE_ENDIAN -DSUXDR  -D_BSD_SOURCE -D_POSIX_SOURCE  -L/home/dtrad/cwp/lib -lsu -lpar -lcwp -lm    
make: Leaving directory `/home/dtrad/modules/suhybrid'
 
