make all --print-data-base --no-builtin-variables --no-builtin-rules --question
# GNU Make 3.82
# Built for x86_64-redhat-linux-gnu
# Copyright (C) 2010  Free Software Foundation, Inc.
# License GPLv3+: GNU GPL version 3 or later <http://gnu.org/licenses/gpl.html>
# This is free software: you are free to change and redistribute it.
# There is NO WARRANTY, to the extent permitted by law.

# Make data base, printed on Fri Mar 25 16:59:14 2022

# Variables

# environment
SPARTA = gilgamesh:/disk/spartacus1/dtrad/madagascar/src-master
# automatic
<D = $(patsubst %/,%,$(dir $<))
# automatic
?F = $(notdir $?)
# environment
STRINGS = /home/dtrad/anaconda3/bin/x86_64-conda_cos6-linux-gnu-strings
# environment
DESKTOP_SESSION = gnome-classic
# default
.SHELLFLAGS := -c
# environment
QTDIR = /usr/lib64/qt-3.3
# environment
GPROF = /home/dtrad/anaconda3/bin/x86_64-conda_cos6-linux-gnu-gprof
# environment
XDG_SESSION_TYPE = x11
# environment
VSCODE_LOG_NATIVE = false
# environment
MODULEPATH = /usr/share/Modules/modulefiles:/etc/modulefiles
# makefile (from `Makefile', line 15)
OPTC = -O3 
# environment
CONDA_BUILD_SYSROOT = /home/dtrad/anaconda3/x86_64-conda_cos6-linux-gnu/sysroot
# environment
CPPFLAGS = -DNDEBUG -D_FORTIFY_SOURCE=2 -O2 -isystem /home/dtrad/anaconda3/include
# makefile (from `/home/dtrad/cwp/src/Rules/abbrev.rules', line 6)
XTI = $I/Xtcwp
# makefile (from `/home/dtrad/cwp/src/Makefile.config', line 53)
ICHMODLINE = chmod 644 $@
# makefile (from `/home/dtrad/cwp/src/Rules/abbrev.rules', line 2)
B = $(ROOT)/bin
# automatic
@D = $(patsubst %/,%,$(dir $@))
# environment
XAUTHORITY = /run/gdm/auth-for-dtrad-vCY6tH/database
# environment
GDMSESSION = gnome-classic
# environment
XMODIFIERS = @im=ibus
# makefile (from `/home/dtrad/cwp/src/Rules/abbrev.rules', line 3)
I = $(ROOT)/include
# makefile
CURDIR := /home/dtrad/modules/suhybrid
# makefile (from `/home/dtrad/cwp/src/Makefile.config', line 45)
SHELL = /bin/sh
# environment
NM = /home/dtrad/anaconda3/bin/x86_64-conda_cos6-linux-gnu-nm
# makefile (from `/home/dtrad/cwp/src/Makefile.config', line 48)
LN = ln 
# environment
GDM_LANG = en_CA.utf8
# makefile (from `/home/dtrad/cwp/src/Rules/gnumake.rules', line 12)
IDCTTARGET = $I/Dct/%: %
# environment
VTE_VERSION = 5204
# environment
VSCODE_NLS_CONFIG = {"locale":"en-gb","availableLanguages":{},"_languagePackSupport":true}
# makefile (from `Makefile', line 3)
CWPROOT = $(HOME)/cwp
# makefile (from `/home/dtrad/cwp/src/Makefile.config', line 54)
MCHMODLINE = chmod 755 $@
# environment
_ = /usr/bin/make
# makefile (from `/home/dtrad/cwp/src/Rules/gnumake.rules', line 4)
CTARGET = $B/%: %.c
# makefile (from `/home/dtrad/cwp/src/Makefile.config', line 95)
CFLAGS = -I$I $(OPTC) $(CWP_FLAGS) -D_BSD_SOURCE -D_POSIX_SOURCE
# automatic
?D = $(patsubst %/,%,$(dir $?))
# makefile (from `/home/dtrad/cwp/src/Makefile.config', line 35)
XDRFLAG = -DSUXDR
# environment
VSCODE_PID = 9544
# environment
LESSOPEN = ||/usr/bin/lesspipe.sh %s
# makefile (from `/home/dtrad/cwp/src/Rules/opengl.rules', line 1)
MAKEFILE_LIST :=  Makefile /home/dtrad/cwp/src/Makefile.config /home/dtrad/cwp/src/Rules/gnumake.rules /home/dtrad/cwp/src/Rules/abbrev.rules /home/dtrad/cwp/src/Rules/cflags.rules /home/dtrad/cwp/src/Rules/suffix.rules /home/dtrad/cwp/src/Rules/misc.rules /home/dtrad/cwp/src/Rules/opengl.rules
# makefile (from `Makefile', line 8)
D = $L/libcwp.a $L/libpar.a $L/libsu.a
# automatic
@F = $(notdir $@)
# makefile (from `/home/dtrad/cwp/src/Rules/gnumake.rules', line 15)
FTARGET = $B/%: %.f
# environment
GCC = /home/dtrad/anaconda3/bin/x86_64-conda_cos6-linux-gnu-gcc
# environment
HISTCONTROL = ignoredups
# makefile (from `/home/dtrad/cwp/src/Rules/abbrev.rules', line 4)
L = $(ROOT)/lib
# makefile (from `/home/dtrad/cwp/src/Rules/abbrev.rules', line 5)
M = $(ROOT)/man
# environment
GCC_NM = /home/dtrad/anaconda3/bin/x86_64-conda_cos6-linux-gnu-gcc-nm
# environment
CXXFLAGS = -fvisibility-inlines-hidden -std=c++17 -fmessage-length=0 -march=nocona -mtune=haswell -ftree-vectorize -fPIC -fstack-protector-strong -fno-plt -O2 -ffunction-sections -pipe -isystem /home/dtrad/anaconda3/include
# makefile (from `/home/dtrad/cwp/src/Rules/abbrev.rules', line 16)
R = $L/X11/app-defaults
# environment
XDG_DATA_DIRS = /home/dtrad/.local/share/flatpak/exports/share/:/var/lib/flatpak/exports/share/:/usr/local/share/:/usr/share/:/var/lib/snapd/desktop
# environment
ADDR2LINE = /home/dtrad/anaconda3/bin/x86_64-conda_cos6-linux-gnu-addr2line
# environment
DBUS_SESSION_BUS_ADDRESS = unix:abstract=/tmp/dbus-mT8583TheL,guid=d8ca6aced58f5dc59f4211af622e0d4b
# environment
VSCODE_VERBOSE_LOGGING = true
# makefile (from `/home/dtrad/cwp/src/Makefile.config', line 92)
CC = gcc
# makefile (from `/home/dtrad/cwp/src/Rules/gnumake.rules', line 2)
ITARGET = $I/%: %
# environment
QT_PLUGIN_PATH = /usr/lib64/kde4/plugins:/usr/lib/kde4/plugins
# environment
_CONDA_PYTHON_SYSCONFIGDATA_NAME = _sysconfigdata_x86_64_conda_cos6_linux_gnu
# environment
VSCODE_IPC_HOOK_EXTHOST = /run/user/1000/vscode-ipc-cfc05eb2-cea9-4a4d-99a1-137bcb2c07f8.sock
# makefile (from `Makefile', line 24)
CPP = g++
# environment
VSCODE_CWD = /home/dtrad/modules/suhybrid
# environment
ELFEDIT = /home/dtrad/anaconda3/bin/x86_64-conda_cos6-linux-gnu-elfedit
# makefile (from `/home/dtrad/cwp/src/Rules/abbrev.rules', line 8)
ITRI = $I/Triangles
# environment
PATH = /usr/local/cuda/bin:.:/home/dtrad/madagascar/bin:/home/dtrad/anaconda3/bin:/home/dtrad/anaconda3/bin:/home/dtrad/anaconda3/condabin:/usr/lib64/qt-3.3/bin:/usr/local/bin:/usr/local/sbin:/usr/bin:/usr/sbin:/bin:/sbin:/var/lib/snapd/snap/bin:/home/dtrad/.local/bin:/home/dtrad/bin:/usr/local/soft/netpbm/bin:/home/dtrad/cwp/bin:/home/dtrad/seismic/su:/home/dtrad/bin:/usr/local/texlive/2019/bin/x86_64-linux:/home/dtrad/julia/julia-1.4.2/bin
# environment
LD = /home/dtrad/anaconda3/bin/x86_64-conda_cos6-linux-gnu-ld
# makefile (from `Makefile', line 12)
PROG = suradonhybrid
# environment
QT_GRAPHICSSYSTEM_CHECKED = 1
# environment
SESSION_MANAGER = local/unix:@/tmp/.ICE-unix/8050,unix/unix:/tmp/.ICE-unix/8050
# environment
XDG_RUNTIME_DIR = /run/user/1000
 
# makefile (from `/home/dtrad/cwp/src/Rules/opengl.rules', line 2)
MGLLFLAGS = $(PRELFLAGS) -L$L -L$(LX11) -L$(LGLUT) -L$(LGL) -lglut -lXmu -lXt -lSM -lICE -lXext -lXi -lX11 -lm -lGL -lGLU -lglut -ltrack -lpar -lcwp -lm $(POSTLFLAGS)
# makefile (from `/home/dtrad/cwp/src/Makefile.config', line 50)
ARFLAGS = rv
# environment
VSCODE_HANDLES_UNCAUGHT_ERRORS = true
# makefile (from `/home/dtrad/cwp/src/Rules/gnumake.rules', line 9)
ITRITARGET = $I/Triangles/%: %
# makefile (from `/home/dtrad/cwp/src/Makefile.config', line 39)
CWP_FLAGS = $(LARGE_FILE_FLAG) $(ENDIANFLAG) $(XDRFLAG) $(LINEHDRFLAG)
# makefile (from `/home/dtrad/cwp/src/Rules/cflags.rules', line 21)
MGLCFLAGS = -I$I -I$(IMGL) -I$(IGLUT) -I$(IGL) -I$(IX11) $(OPTC) $(LARGE_FILE_FLAG) $(ENDIANFLAG)
# environment
LD_GOLD = /home/dtrad/anaconda3/bin/x86_64-conda_cos6-linux-gnu-ld.gold
# environment
GXX = /home/dtrad/anaconda3/bin/x86_64-conda_cos6-linux-gnu-g++
# makefile (from `/home/dtrad/cwp/src/Rules/cflags.rules', line 15)
WPCCFLAGS = -I$I -I$(IWPC) $(OPTC) $(LARGE_FILE_FLAG) $(ENDIANFLAG)
# makefile (from `/home/dtrad/cwp/src/Rules/cflags.rules', line 18)
DCTCFLAGS = -I$I -I$(IDCT) $(OPTC) $(LARGE_FILE_FLAG) $(ENDIANFLAG)
# makefile (from `/home/dtrad/cwp/src/Makefile.config', line 49)
AR = ar
# environment
XDG_MENU_PREFIX = gnome-
# environment
VSCODE_LOG_STACK = false
# environment
ELECTRON_RUN_AS_NODE = 1
# environment
LDFLAGS = -Wl,-O2 -Wl,--sort-common -Wl,--as-needed -Wl,-z,relro -Wl,-z,now -Wl,--disable-new-dtags -Wl,--gc-sections -Wl,-rpath,/home/dtrad/anaconda3/lib -Wl,-rpath-link,/home/dtrad/anaconda3/lib -L/home/dtrad/anaconda3/lib
# default
.FEATURES := target-specific order-only second-expansion else-if shortest-stem undefine oneshell archives jobserver check-symlink
# environment
CMAKE_PREFIX_PATH = /home/dtrad/anaconda3:/home/dtrad/anaconda3/x86_64-conda_cos6-linux-gnu/sysroot/usr
# environment
LS_COLORS = rs=0:di=38;5;27:ln=38;5;51:mh=44;38;5;15:pi=40;38;5;11:so=38;5;13:do=38;5;5:bd=48;5;232;38;5;11:cd=48;5;232;38;5;3:or=48;5;232;38;5;9:mi=05;48;5;232;38;5;15:su=48;5;196;38;5;15:sg=48;5;11;38;5;16:ca=48;5;196;38;5;226:tw=48;5;10;38;5;16:ow=48;5;10;38;5;21:st=48;5;21;38;5;15:ex=38;5;34:*.tar=38;5;9:*.tgz=38;5;9:*.arc=38;5;9:*.arj=38;5;9:*.taz=38;5;9:*.lha=38;5;9:*.lz4=38;5;9:*.lzh=38;5;9:*.lzma=38;5;9:*.tlz=38;5;9:*.txz=38;5;9:*.tzo=38;5;9:*.t7z=38;5;9:*.zip=38;5;9:*.z=38;5;9:*.Z=38;5;9:*.dz=38;5;9:*.gz=38;5;9:*.lrz=38;5;9:*.lz=38;5;9:*.lzo=38;5;9:*.xz=38;5;9:*.bz2=38;5;9:*.bz=38;5;9:*.tbz=38;5;9:*.tbz2=38;5;9:*.tz=38;5;9:*.deb=38;5;9:*.rpm=38;5;9:*.jar=38;5;9:*.war=38;5;9:*.ear=38;5;9:*.sar=38;5;9:*.rar=38;5;9:*.alz=38;5;9:*.ace=38;5;9:*.zoo=38;5;9:*.cpio=38;5;9:*.7z=38;5;9:*.rz=38;5;9:*.cab=38;5;9:*.jpg=38;5;13:*.jpeg=38;5;13:*.gif=38;5;13:*.bmp=38;5;13:*.pbm=38;5;13:*.pgm=38;5;13:*.ppm=38;5;13:*.tga=38;5;13:*.xbm=38;5;13:*.xpm=38;5;13:*.tif=38;5;13:*.tiff=38;5;13:*.png=38;5;13:*.svg=38;5;13:*.svgz=38;5;13:*.mng=38;5;13:*.pcx=38;5;13:*.mov=38;5;13:*.mpg=38;5;13:*.mpeg=38;5;13:*.m2v=38;5;13:*.mkv=38;5;13:*.webm=38;5;13:*.ogm=38;5;13:*.mp4=38;5;13:*.m4v=38;5;13:*.mp4v=38;5;13:*.vob=38;5;13:*.qt=38;5;13:*.nuv=38;5;13:*.wmv=38;5;13:*.asf=38;5;13:*.rm=38;5;13:*.rmvb=38;5;13:*.flc=38;5;13:*.avi=38;5;13:*.fli=38;5;13:*.flv=38;5;13:*.gl=38;5;13:*.dl=38;5;13:*.xcf=38;5;13:*.xwd=38;5;13:*.yuv=38;5;13:*.cgm=38;5;13:*.emf=38;5;13:*.axv=38;5;13:*.anx=38;5;13:*.ogv=38;5;13:*.ogx=38;5;13:*.aac=38;5;45:*.au=38;5;45:*.flac=38;5;45:*.mid=38;5;45:*.midi=38;5;45:*.mka=38;5;45:*.mp3=38;5;45:*.mpc=38;5;45:*.ogg=38;5;45:*.ra=38;5;45:*.wav=38;5;45:*.axa=38;5;45:*.oga=38;5;45:*.spx=38;5;45:*.xspf=38;5;45:
# environment
XDG_SESSION_DESKTOP = gnome-classic
# environment
SSH_AUTH_SOCK = /run/user/1000/keyring/ssh
# environment
SIZE = /home/dtrad/anaconda3/bin/x86_64-conda_cos6-linux-gnu-size
# automatic
%F = $(notdir $%)
# environment
KDEDIRS = /usr
# makefile (from `/home/dtrad/cwp/src/Rules/gnumake.rules', line 13)
IRFLTARGET = $I/Reflect/%: %
# environment
DISPLAY = :0
# environment
CONDA_EXE = /home/dtrad/anaconda3/bin/conda
# environment
READELF = /home/dtrad/anaconda3/bin/x86_64-conda_cos6-linux-gnu-readelf
# makefile (from `/home/dtrad/cwp/src/Rules/gnumake.rules', line 10)
ITETRATARGET = $I/Tetra/%: %
# makefile (from `/home/dtrad/cwp/src/Rules/abbrev.rules', line 9)
ITETRA = $I/Tetra
# environment
RSFSRC = /home/dtrad/madagascar/src-master
# environment
IMSETTINGS_INTEGRATE_DESKTOP = yes
# environment
RSFROOT = /home/dtrad/madagascar
# environment
PWD = /home/dtrad/modules/suhybrid
# environment
XDG_SEAT = seat0
# environment
SSH_AGENT_PID = 8509
# makefile (from `/home/dtrad/cwp/src/Makefile.config', line 51)
RANLIB = ranlib
# environment
ORIGINAL_XDG_CURRENT_DESKTOP = GNOME-Classic:GNOME
# environment
USERNAME = dtrad
# makefile (from `/home/dtrad/cwp/src/Makefile.config', line 37)
LARGE_FILE_FLAG = -D_FILE_OFFSET_BITS=64 -D_LARGEFILE64_SOURCE
# environment
MANPATH = /home/dtrad/anaconda3/man:/usr/local/man:/usr/local/share/man:/usr/share/man/overrides:/usr/share/man:/home/dtrad/madagascar/share/man
# environment
VSCODE_AMD_ENTRYPOINT = vs/workbench/api/node/extensionHostProcess
# environment
HOME = /home/dtrad
# makefile (from `/home/dtrad/cwp/src/Makefile.config', line 67)
LD_LIBRARY_PATH = /usr/local/cuda/lib64:/home/dtrad/madagascar/lib:/usr/local/lib $(CWPROOT)/lib:${LX11}:${LMOTIF}
# makefile (from `/home/dtrad/cwp/src/Rules/abbrev.rules', line 12)
IRFL = $I/Reflect
# environment
VSCODE_CLI = 1
# environment
VSCODE_CODE_CACHE_PATH = /home/dtrad/.config/Code/CachedData/c722ca6c7eed3d7987c0d5c3df5c45f6b15e77d1
# environment
LOGNAME = dtrad
# environment
APPLICATION_INSIGHTS_NO_DIAGNOSTIC_CHANNEL = 1
# makefile (from `Makefile', line 4)
IDIR = -I$(CWPROOT)/include  -I./
# environment
CONDA_PROMPT_MODIFIER = (base) 
# environment
CXXFILT = /home/dtrad/anaconda3/bin/x86_64-conda_cos6-linux-gnu-c++filt
# environment
ELECTRON_NO_ATTACH_CONSOLE = 1
# environment
MADGLADOS = daniel.trad@glados.ucalgary.ca:/home/daniel.trad/madagascar/src-master
# environment
CONDA_BACKUP_HOST = x86_64-conda_cos6-linux-gnu
# default
MAKE_VERSION := 3.82
# environment
GNOME_DESKTOP_SESSION_ID = this-is-deprecated
# automatic
^D = $(patsubst %/,%,$(dir $^))
# environment
HOSTNAME = lula
# environment
XDG_VTNR = 1
# makefile (from `/home/dtrad/cwp/src/Makefile.config', line 34)
LINEHDRFLAG = 
# environment
MAKELEVEL := 0
# environment
CONDA_DEFAULT_ENV = base
# environment
COLORTERM = truecolor
# default
MAKE = $(MAKE_COMMAND)
# makefile (from `/home/dtrad/cwp/src/Rules/gnumake.rules', line 7)
XTITARGET = $I/Xtcwp/%: %
# default
MAKECMDGOALS := all
# environment
QT_IM_MODULE = ibus
# makefile (from `/home/dtrad/cwp/src/Rules/abbrev.rules', line 7)
XMI = $I/Xmcwp
# makefile (from `/home/dtrad/cwp/src/Makefile.config', line 56)
POSTLFLAGS = 
# environment
SHLVL = 4
# makefile (from `/home/dtrad/cwp/src/Makefile.config', line 36)
ENDIANFLAG = -DCWP_LITTLE_ENDIAN
# environment
AS = /home/dtrad/anaconda3/bin/x86_64-conda_cos6-linux-gnu-as
# makefile (from `/home/dtrad/cwp/src/Makefile.config', line 101)
C++FLAGS = -I$I $(OPTC) $(CWP_FLAGS)
# environment
GCC_AR = /home/dtrad/anaconda3/bin/x86_64-conda_cos6-linux-gnu-gcc-ar
# environment
GNOME_SHELL_SESSION_MODE = classic
# environment
XDG_SESSION_ID = 1
# environment
USER = dtrad
# makefile (from `/home/dtrad/cwp/src/Rules/gnumake.rules', line 6)
XAPPTARGET = $R/%: %
# makefile (from `/home/dtrad/cwp/src/Makefile.config', line 97)
FC = gfortran
# environment
QTLIB = /usr/lib64/qt-3.3/lib
# environment
DATAPATH = /data/tmp/
# environment
XDG_CURRENT_DESKTOP = GNOME-Classic:GNOME
# automatic
%D = $(patsubst %/,%,$(dir $%))
# environment
define BASH_FUNC_module()
() {  eval `/usr/bin/modulecmd bash $*`
}
endef
# environment
WINDOWPATH = 1
# makefile (from `Makefile', line 10)
LFLAGS = $(PRELFLAGS) -L$L -lsu -lpar -lcwp -lm   $(POSTLFLAGS)
# makefile (from `Makefile', line 17)
OBJ = $(PROG).o radonhybrid.o radon_wtcgls_2op.o radoninv_2op.o radon_param.o radon_param_2op.o interpovv.o modelweight.o nmo.o radon_matrix.o interval.o taper.o wtcgls_solvers.o getvelocities.o save_vector.o cleansegy.o xtimesy.o xequaly.o Atimesx.o dot.o cdot.o fft.o fft2.o freqweight.o window.o Complex.o rcdot.o plotgather.o filters.o
# environment
TEXMFHOME = /home/dtrad/segtex-0.9.3/texmf
# makefile (from `/home/dtrad/cwp/src/Makefile.config', line 99)
FFLAGS = $(FOPTS) -ffixed-line-length-none
# environment
CONDA_SHLVL = 1
# default
MAKE_COMMAND := make
# makefile (from `/home/dtrad/cwp/src/Rules/gnumake.rules', line 8)
XMITARGET = $I/Xmcwp/%: %
# default
.VARIABLES := 
# environment
IMSETTINGS_MODULE = none
# automatic
*F = $(notdir $*)
# makefile (from `/home/dtrad/cwp/src/Rules/cflags.rules', line 6)
XMCFLAGS = -I$I -I$(IMOTIF) -I$(IX11) $(OPTC) $(LARGE_FILE_FLAG)  $(ENDIANFLAG)
# environment
VSCODE_IPC_HOOK = /run/user/1000/vscode-c7cf3351-1.65.2-main.sock
# makefile (from `/home/dtrad/cwp/src/Makefile.config', line 63)
LX11 = /usr/X11/lib
# environment
PYTHONPATH = /home/dtrad/madagascar/lib/python3.7/site-packages:/home/dtrad/madagascar/src-master/book/Recipes:/home/dtrad/pythonexamples/MLprojects/lib
# makefile
MAKEFLAGS = Rrqp
# makefile (from `/home/dtrad/cwp/src/Rules/gnumake.rules', line 5)
C++TARGET = $B/%: %.cc
# environment
MFLAGS = -Rrqp
# automatic
*D = $(patsubst %/,%,$(dir $*))
# environment
MAIL = /var/spool/mail/dtrad
# environment
LOADEDMODULES = 
# automatic
+D = $(patsubst %/,%,$(dir $+))
# environment
OBJDUMP = /home/dtrad/anaconda3/bin/x86_64-conda_cos6-linux-gnu-objdump
# environment
GDK_BACKEND = x11
# environment
MODULESHOME = /usr/share/Modules
# automatic
+F = $(notdir $+)
# environment
NO_AT_BRIDGE = 1
# makefile (from `/home/dtrad/cwp/src/Makefile.config', line 46)
ROOT = $(CWPROOT)
# environment
STRIP = /home/dtrad/anaconda3/bin/x86_64-conda_cos6-linux-gnu-strip
# makefile (from `Makefile', line 14)
FLAG = -c -Wall -Wno-write-strings -g -Wno-deprecated -Wno-deprecated-declarations 
# makefile (from `/home/dtrad/cwp/src/Rules/cflags.rules', line 3)
XCFLAGS = -I$I -I$(IX11) $(OPTC) $(LARGE_FILE_FLAG) $(ENDIANFLAG)
# makefile (from `/home/dtrad/cwp/src/Rules/abbrev.rules', line 13)
IMGL = $I/MGL
# environment
VSCODE_PIPE_LOGGING = true
# makefile (from `/home/dtrad/cwp/src/Rules/cflags.rules', line 12)
TETRACFLAGS = -I$I -I$(ITETRA) $(OPTC) $(LARGE_FILE_FLAG) $(ENDIANFLAG)
# makefile (from `/home/dtrad/cwp/src/Rules/abbrev.rules', line 11)
IDCT = $I/Dct
# default
MAKEFILES := 
# automatic
<F = $(notdir $<)
# environment
CXX = /home/dtrad/anaconda3/bin/x86_64-conda_cos6-linux-gnu-c++
# environment
LC_ALL = C
# makefile (from `/home/dtrad/cwp/src/Rules/gnumake.rules', line 11)
IWPCTARGET = $I/Wpc/%: %
# makefile (from `/home/dtrad/cwp/src/Rules/gnumake.rules', line 14)
IMGLTARGET = $I/MGL/%: %
# environment
GLADOS = daniel.trad@glados.ucalgary.ca:/home/daniel.trad
# makefile (from `/home/dtrad/cwp/src/Makefile.config', line 64)
IMOTIF = /usr/X11R6/include
# makefile (from `Makefile', line 23)
LIBC = ./
# environment
CONDA_PYTHON_EXE = /home/dtrad/anaconda3/bin/python
# environment
DEBUG_CPPFLAGS = -D_DEBUG -D_FORTIFY_SOURCE=2 -Og -isystem /home/dtrad/anaconda3/include
# makefile (from `/home/dtrad/cwp/src/Makefile.config', line 98)
FOPTS = -g 
# environment
GNOME_TERMINAL_SCREEN = /org/gnome/Terminal/screen/1bd6caed_401b_404e_b188_463471b9caeb
# automatic
^F = $(notdir $^)
# environment
OBJCOPY = /home/dtrad/anaconda3/bin/x86_64-conda_cos6-linux-gnu-objcopy
# makefile (from `/home/dtrad/cwp/src/Makefile.config', line 65)
LMOTIF = /usr/X11R6/lib
# environment
GNOME_TERMINAL_SERVICE = :1.111
# makefile (from `/home/dtrad/cwp/src/Rules/abbrev.rules', line 10)
 
make: *** No rule to make target `all'.  Stop.
 
IWPC = $I/Wpc
# default
SUFFIXES := 
# environment
HISTSIZE = 1000
# environment
_CE_M = 
# environment
CHROME_DESKTOP = code-url-handler.desktop
# environment
DEBUG_CFLAGS = -march=nocona -mtune=haswell -ftree-vectorize -fPIC -fstack-protector-all -fno-plt -Og -g -Wall -Wextra -fvar-tracking-assignments -ffunction-sections -pipe -isystem /home/dtrad/anaconda3/include
# makefile (from `/home/dtrad/cwp/src/Rules/gnumake.rules', line 3)
SHTARGET = $B/%: %.sh
# default
.INCLUDE_DIRS = /usr/include /usr/local/include /usr/include
# makefile (from `/home/dtrad/cwp/src/Makefile.config', line 81)
OPTF = -g
# environment
QTINC = /usr/lib64/qt-3.3/include
# default
.RECIPEPREFIX := 
# makefile (from `/home/dtrad/cwp/src/Makefile.config', line 52)
RANFLAGS = 
# makefile
.DEFAULT_GOAL := ../bin/suradonhybrid
# makefile (from `/home/dtrad/cwp/src/Makefile.config', line 62)
IX11 = /usr/X11/include
# environment
GCC_RANLIB = /home/dtrad/anaconda3/bin/x86_64-conda_cos6-linux-gnu-gcc-ranlib
# environment
JULIA_LOAD_PATH = /home/dtrad/madagascar/lib
# environment
CONDA_PREFIX = /home/dtrad/anaconda3
# environment
TERM = xterm-256color
# environment
DATASP = gilgamesh:/disk/spartacus1/dtrad/data/rsf
# environment
DEBUG_CXXFLAGS = -fvisibility-inlines-hidden -std=c++17 -fmessage-length=0 -march=nocona -mtune=haswell -ftree-vectorize -fPIC -fstack-protector-all -fno-plt -Og -g -Wall -Wextra -fvar-tracking-assignments -ffunction-sections -pipe -isystem /home/dtrad/anaconda3/include
# environment
_CE_CONDA = 
# makefile (from `/home/dtrad/cwp/src/Rules/cflags.rules', line 9)
TRICFLAGS = -I$I -I$(ITRI) $(OPTC) $(LARGE_FILE_FLAG) $(ENDIANFLAG)
# environment
HOST = x86_64-conda_cos6-linux-gnu
# environment
LANG = C
# environment
CUDA_INC_PATH = /usr/include/cuda
# variable set hash-table stats:
# Load=230/1024=22%, Rehash=0, Collisions=65/346=19%

# Pattern-specific Variable Values

# No pattern-specific variable values.

# Directories

# . (device 64770, inode 3844250): 93 files, no impossibilities.

# 93 files, no impossibilities in 1 directories.

# Implicit Rules

%.o:

%.c:

(%.o): %.c
#  recipe to execute (from `/home/dtrad/cwp/src/Rules/suffix.rules', line 4):
	$(CC) -c $(CFLAGS) $<
	$(AR) $(ARFLAGS) $@ $*.o
	rm -f $*.o

%.a: %.c
#  recipe to execute (from `/home/dtrad/cwp/src/Rules/suffix.rules', line 4):
	$(CC) -c $(CFLAGS) $<
	$(AR) $(ARFLAGS) $@ $*.o
	rm -f $*.o

%.cc:

%.o: %.cc
#  recipe to execute (from `/home/dtrad/cwp/src/Rules/suffix.rules', line 16):
	$(C++) -c $(C++FLAGS) $<

(%.o): %.cc
#  recipe to execute (from `/home/dtrad/cwp/src/Rules/suffix.rules', line 8):
	$(C++) -c $(C++FLAGS) $<
	$(AR) $(ARFLAGS) $@ $*.o
	rm -f $*.o

%.a: %.cc
#  recipe to execute (from `/home/dtrad/cwp/src/Rules/suffix.rules', line 8):
	$(C++) -c $(C++FLAGS) $<
	$(AR) $(ARFLAGS) $@ $*.o
	rm -f $*.o

%.cpp:

%.o: %.cpp
#  recipe to execute (from `/home/dtrad/cwp/src/Rules/suffix.rules', line 18):
	$(C++) -c $(C++FLAGS) $<

(%.o): %.cpp
#  recipe to execute (from `/home/dtrad/cwp/src/Rules/suffix.rules', line 12):
	$(C++) -c $(C++FLAGS) $<
	$(AR) $(ARFLAGS) $@ $*.o
	rm -f $*.o

%.a: %.cpp
#  recipe to execute (from `/home/dtrad/cwp/src/Rules/suffix.rules', line 12):
	$(C++) -c $(C++FLAGS) $<
	$(AR) $(ARFLAGS) $@ $*.o
	rm -f $*.o

%.a:

%.java:

%.class: %.java
#  recipe to execute (from `/home/dtrad/cwp/src/Rules/suffix.rules', line 21):
	$(JC) $(JFLAGS) $*.java

%.class:

# 16 implicit rules, 0 (0.0%) terminal.

# Files

# Not a target:
/home/dtrad/cwp/src/Rules/gnumake.rules:
#  Implicit rule search has been done.
#  Last modified 2012-03-22 11:43:49
#  File has been updated.
#  Successfully updated.

# Not a target:
plotgather.cpp:
#  Implicit rule search has not been done.
#  Modification time never checked.
#  File has not been updated.

# Not a target:
/home/dtrad/cwp/src/Rules/suffix.rules:
#  Implicit rule search has been done.
#  Last modified 2012-03-22 11:43:49
#  File has been updated.
#  Successfully updated.

# Not a target:
save_vector.cpp:
#  Implicit rule search has not been done.
#  Modification time never checked.
#  File has not been updated.

rcdot.o: rcdot.cpp
#  Implicit rule search has not been done.
#  Modification time never checked.
#  File has not been updated.
#  recipe to execute (from `Makefile', line 72):
	${CPP} $(FLAG) $(OPTC) $(ENDIANFLAG) $? $(IDIR)

Atimesx.o: Atimesx.cpp
#  Implicit rule search has not been done.
#  Modification time never checked.
#  File has not been updated.
#  recipe to execute (from `Makefile', line 68):
	${CPP} $(FLAG) $(OPTC) $(ENDIANFLAG) $? $(IDIR)

fft.o: fft.cpp
#  Implicit rule search has not been done.
#  Modification time never checked.
#  File has not been updated.
#  recipe to execute (from `Makefile', line 74):
	${CPP} $(FLAG) $(OPTC) $(ENDIANFLAG) $? $(IDIR)

# Not a target:
fft2.cpp:
#  Implicit rule search has not been done.
#  Modification time never checked.
#  File has not been updated.

# Not a target:
all:
#  Command line target.
#  Implicit rule search has been done.
#  File does not exist.
#  File has not been updated.

# Not a target:
.o:
#  Implicit rule search has not been done.
#  Modification time never checked.
#  File has not been updated.

freqweight.o: freqweight.cpp
#  Implicit rule search has not been done.
#  Modification time never checked.
#  File has not been updated.
#  recipe to execute (from `Makefile', line 80):
	${CPP} $(FLAG) $(OPTC) $(ENDIANFLAG) $? $(IDIR)

# Not a target:
wtcgls_solvers.cpp:
#  Implicit rule search has not been done.
#  Modification time never checked.
#  File has not been updated.

# Not a target:
.a:
#  Implicit rule search has not been done.
#  Modification time never checked.
#  File has not been updated.

radon_wtcgls_2op.o: radon_wtcgls_2op.cpp
#  Implicit rule search has not been done.
#  Modification time never checked.
#  File has not been updated.
#  recipe to execute (from `Makefile', line 34):
	${CPP} $(FLAG) $(OPTC) $(ENDIANFLAG) $? $(IDIR)

modelweight.o: modelweight.cpp
#  Implicit rule search has not been done.
#  Modification time never checked.
#  File has not been updated.
#  recipe to execute (from `Makefile', line 44):
	${CPP} $(FLAG) $(OPTC) $(ENDIANFLAG) $? $(IDIR)

radoninv_2op.o: radoninv_2op.cpp
#  Implicit rule search has not been done.
#  Modification time never checked.
#  File has not been updated.
#  recipe to execute (from `Makefile', line 36):
	${CPP} $(FLAG) $(OPTC) $(ENDIANFLAG) $? $(IDIR)

interval.o: interval.cpp
#  Implicit rule search has not been done.
#  Modification time never checked.
#  File has not been updated.
#  recipe to execute (from `Makefile', line 50):
	${CPP} $(FLAG) $(OPTC) $(ENDIANFLAG) $? $(IDIR)

# Not a target:
.cc:
#  Implicit rule search has not been done.
#  Modification time never checked.
#  File has not been updated.

radon_param_2op.o: radon_param_2op.cpp
#  Implicit rule search has not been done.
#  Modification time never checked.
#  File has not been updated.
#  recipe to execute (from `Makefile', line 40):
	${CPP} $(FLAG) $(OPTC) $(ENDIANFLAG) $? $(IDIR)

.cc.o:
#  Implicit rule search has not been done.
#  Modification time never checked.
#  File has not been updated.
#  recipe to execute (from `/home/dtrad/cwp/src/Rules/suffix.rules', line 16):
	$(C++) -c $(C++FLAGS) $<

# Not a target:
xtimesy.cpp:
#  Implicit rule search has not been done.
#  Modification time never checked.
#  File has not been updated.

# Not a target:
/home/dtrad/cwp/src/Rules/abbrev.rules:
#  Implicit rule search has been done.
#  Last modified 2012-03-22 11:43:49
#  File has been updated.
#  Successfully updated.

cleansegy.o: cleansegy.c
#  Implicit rule search has not been done.
 
#  Modification time never checked.
#  File has not been updated.
#  recipe to execute (from `Makefile', line 60):
	${CPP} $(FLAG) $(OPTC) $(ENDIANFLAG) $? $(IDIR)

.SUFFIXES: .o .c .cc .cpp .a .java .class
#  Implicit rule search has not been done.
#  Modification time never checked.
#  File has not been updated.

interpovv.o: interpovv.cpp
#  Implicit rule search has not been done.
#  Modification time never checked.
#  File has not been updated.
#  recipe to execute (from `Makefile', line 42):
	${CPP} $(FLAG) $(OPTC) $(ENDIANFLAG) $? $(IDIR)

# Not a target:
filters.cpp:
#  Implicit rule search has not been done.
#  Modification time never checked.
#  File has not been updated.

radon_matrix.o: radon_matrix.cpp
#  Implicit rule search has not been done.
#  Modification time never checked.
#  File has not been updated.
#  recipe to execute (from `Makefile', line 48):
	${CPP} $(FLAG) $(OPTC) $(ENDIANFLAG) $? $(IDIR)

# Not a target:
Makefile:
#  Implicit rule search has been done.
#  Last modified 2019-03-07 15:27:57.346856386
#  File has been updated.
#  Successfully updated.

.cc.a:
#  Implicit rule search has not been done.
#  Modification time never checked.
#  File has not been updated.
#  recipe to execute (from `/home/dtrad/cwp/src/Rules/suffix.rules', line 8):
	$(C++) -c $(C++FLAGS) $<
	$(AR) $(ARFLAGS) $@ $*.o
	rm -f $*.o

taper.o: taper.c
#  Implicit rule search has not been done.
#  Modification time never checked.
#  File has not been updated.
#  recipe to execute (from `Makefile', line 52):
	${CPP} $(FLAG) $(OPTC) $(ENDIANFLAG) $? $(IDIR)

# Not a target:
radon_param.cpp:
#  Implicit rule search has not been done.
#  Modification time never checked.
#  File has not been updated.

# Not a target:
.class:
#  Implicit rule search has not been done.
#  Modification time never checked.
#  File has not been updated.

# Not a target:
nmo.cpp:
#  Implicit rule search has not been done.
#  Modification time never checked.
#  File has not been updated.

# Not a target:
/home/dtrad/cwp/src/Rules/misc.rules:
#  Implicit rule search has been done.
#  Last modified 2012-03-22 11:43:49
#  File has been updated.
#  Successfully updated.

# Not a target:
xequaly.cpp:
#  Implicit rule search has not been done.
#  Modification time never checked.
#  File has not been updated.

window.o: window.cpp
#  Implicit rule search has not been done.
#  Modification time never checked.
#  File has not been updated.
#  recipe to execute (from `Makefile', line 78):
	${CPP} $(FLAG) $(OPTC) $(ENDIANFLAG) $? $(IDIR)

cdot.o: cdot.cpp
#  Implicit rule search has not been done.
#  Modification time never checked.
#  File has not been updated.
#  recipe to execute (from `Makefile', line 66):
	${CPP} $(FLAG) $(OPTC) $(ENDIANFLAG) $? $(IDIR)

# Not a target:
Complex.cpp:
#  Implicit rule search has not been done.
#  Modification time never checked.
#  File has not been updated.

# Not a target:
radonhybrid.cpp:
#  Implicit rule search has not been done.
#  Modification time never checked.
#  File has not been updated.

../bin/suradonhybrid: suradonhybrid.o radonhybrid.o radon_wtcgls_2op.o radoninv_2op.o radon_param.o radon_param_2op.o interpovv.o modelweight.o nmo.o radon_matrix.o interval.o taper.o wtcgls_solvers.o getvelocities.o save_vector.o cleansegy.o xtimesy.o xequaly.o Atimesx.o dot.o cdot.o fft.o fft2.o freqweight.o window.o Complex.o rcdot.o plotgather.o filters.o /home/dtrad/cwp/lib/libcwp.a /home/dtrad/cwp/lib/libpar.a /home/dtrad/cwp/lib/libsu.a
#  Implicit rule search has not been done.
#  Modification time never checked.
#  File has not been updated.
#  recipe to execute (from `Makefile', line 28):
	${CPP} -o $(PROG) $(OBJ) $(CFLAGS) $(LFLAGS) 

# Not a target:
.c:
#  Implicit rule search has not been done.
#  Modification time never checked.
#  File has not been updated.

# Not a target:
suradonhybrid.cpp:
#  Implicit rule search has not been done.
#  Modification time never checked.
#  File has not been updated.

save_vector.o: save_vector.cpp
#  Implicit rule search has not been done.
#  Modification time never checked.
#  File has not been updated.
#  recipe to execute (from `Makefile', line 58):
	${CPP} $(FLAG) $(OPTC) $(ENDIANFLAG) $? $(IDIR)

# Not a target:
getvelocities.cpp:
#  Implicit rule search has not been done.
#  Modification time never checked.
#  File has not been updated.

# Not a target:
/home/dtrad/cwp/src/Rules/opengl.rules:
#  Implicit rule search has been done.
#  Last modified 2012-03-22 11:43:49
#  File has been updated.
#  Successfully updated.

dot.o: dot.cpp
#  Implicit rule search has not been done.
#  Modification time never checked.
#  File has not been updated.
#  recipe to execute (from `Makefile', line 70):
	${CPP} $(FLAG) $(OPTC) $(ENDIANFLAG) $? $(IDIR)

fft2.o: fft2.cpp
#  Implicit rule search has not been done.
#  Modification time never checked.
#  File has not been updated.
#  recipe to execute (from `Makefile', line 76):
	${CPP} $(FLAG) $(OPTC) $(ENDIANFLAG) $? $(IDIR)

.c.a:
#  Implicit rule search has not been done.
#  Modification time never checked.
#  File has not been updated.
#  recipe to execute (from `/home/dtrad/cwp/src/Rules/suffix.rules', line 4):
	$(CC) -c $(CFLAGS) $<
	$(AR) $(ARFLAGS) $@ $*.o
	rm -f $*.o

wtcgls_solvers.o: wtcgls_solvers.cpp
#  Implicit rule search has not been done.
#  Modification time never checked.
#  File has not been updated.
#  recipe to execute (from `Makefile', line 54):
	${CPP} $(FLAG) $(OPTC) $(ENDIANFLAG) $? $(IDIR)

# Not a target:
dot.cpp:
#  Implicit rule search has not been done.
#  Modification time never checked.
#  File has not been updated.

# Not a target:
.DEFAULT:
#  Implicit rule search has not been done.
#  Modification time never checked.
#  File has not been updated.

# Not a target:
.java:
#  Implicit rule search has not been done.
#  Modification time never checked.
#  File has not been updated.

# Not a target:
cleansegy.c:
#  Implicit rule search has not been done.
#  Modification time never checked.
#  File has not been updated.

# Not a target:
Atimesx.cpp:
#  Implicit rule search has not been done.
#  Modification time never checked.
#  File has not been updated.

# Not a target:
fft.cpp:
#  Implicit rule search has not been done.
#  Modification time never checked.
#  File has not been updated.

# Not a target:
taper.c:
#  Implicit rule search has not been done.
#  Modification time never checked.
#  File has not been updated.

.cpp.o:
#  Implicit rule search has not been done.
#  Modification time never checked.
#  File has not been updated.
#  recipe to execute (from `/home/dtrad/cwp/src/Rules/suffix.rules', line 18):
	$(C++) -c $(C++FLAGS) $<

# Not a target:
.cpp:
#  Implicit rule search has not been done.
#  Modification time never checked.
#  File has not been updated.

# Not a target:
freqweight.cpp:
#  Implicit rule search has not been done.
#  Modification time never checked.
#  File has not been updated.

xtimesy.o: xtimesy.cpp
#  Implicit rule search has not been done.
#  Modification time never checked.
#  File has not been updated.
#  recipe to execute (from `Makefile', line 62):
	${CPP} $(FLAG) $(OPTC) $(ENDIANFLAG) $? $(IDIR)

clean::
#  Implicit rule search has not been done.
#  Modification time never checked.
#  File has not been updated.
#  recipe to execute (from `Makefile', line 88):
	rm -f *.o *~ p1 p2 pp file* 	

plotgather.o: plotgather.cpp
#  Implicit rule search has not been done.
#  Modification time never checked.
#  File has not been updated.
#  recipe to execute (from `Makefile', line 84):
	${CPP} $(FLAG) $(OPTC) $(ENDIANFLAG) $? $(IDIR)

filters.o: filters.cpp
#  Implicit rule search has not been done.
#  Modification time never checked.
#  File has not been updated.
#  recipe to execute (from `Makefile', line 86):
	${CPP} $(FLAG) $(OPTC) $(ENDIANFLAG) $? $(IDIR)

.cpp.a:
#  Implicit rule search has not been done.
#  Modification time never checked.
#  File has not been updated.
#  recipe to execute (from `/home/dtrad/cwp/src/Rules/suffix.rules', line 12):
	$(C++) -c $(C++FLAGS) $<
	$(AR) $(ARFLAGS) $@ $*.o
	rm -f $*.o

# Not a target:
radon_wtcgls_2op.cpp:
#  Implicit rule search has not been done.
#  Modification time never checked.
#  File has not been updated.

# Not a target:
modelweight.cpp:
#  Implicit rule search has not been done.
#  Modification time never checked.
#  File has not been updated.

radon_param.o: radon_param.cpp
#  Implicit rule search has not been done.
#  Modification time never checked.
#  File has not been updated.
#  recipe to execute (from `Makefile', line 38):
 
	${CPP} $(FLAG) $(OPTC) $(ENDIANFLAG) $? $(IDIR)

# Not a target:
/home/dtrad/cwp/lib/libcwp.a:
#  Implicit rule search has not been done.
#  Modification time never checked.
#  File has not been updated.

# Not a target:
radoninv_2op.cpp:
#  Implicit rule search has not been done.
#  Modification time never checked.
#  File has not been updated.

# Not a target:
interval.cpp:
#  Implicit rule search has not been done.
#  Modification time never checked.
#  File has not been updated.

# Not a target:
window.cpp:
#  Implicit rule search has not been done.
#  Modification time never checked.
#  File has not been updated.

# Not a target:
radon_param_2op.cpp:
#  Implicit rule search has not been done.
#  Modification time never checked.
#  File has not been updated.

xequaly.o: xequaly.cpp
#  Implicit rule search has not been done.
#  Modification time never checked.
#  File has not been updated.
#  recipe to execute (from `Makefile', line 64):
	${CPP} $(FLAG) $(OPTC) $(ENDIANFLAG) $? $(IDIR)

# Not a target:
/home/dtrad/cwp/src/Rules/cflags.rules:
#  Implicit rule search has been done.
#  Last modified 2012-03-22 11:43:49
#  File has been updated.
#  Successfully updated.

# Not a target:
interpovv.cpp:
#  Implicit rule search has not been done.
#  Modification time never checked.
#  File has not been updated.

.java.class:
#  Implicit rule search has not been done.
#  Modification time never checked.
#  File has not been updated.
#  recipe to execute (from `/home/dtrad/cwp/src/Rules/suffix.rules', line 21):
	$(JC) $(JFLAGS) $*.java

Complex.o: Complex.cpp
#  Implicit rule search has not been done.
#  Modification time never checked.
#  File has not been updated.
#  recipe to execute (from `Makefile', line 82):
	${CPP} $(FLAG) $(OPTC) $(ENDIANFLAG) $? $(IDIR)

radonhybrid.o: radonhybrid.cpp
#  Implicit rule search has not been done.
#  Modification time never checked.
#  File has not been updated.
#  recipe to execute (from `Makefile', line 32):
	${CPP} $(FLAG) $(OPTC) $(ENDIANFLAG) $? $(IDIR)

# Not a target:
radon_matrix.cpp:
#  Implicit rule search has not been done.
#  Modification time never checked.
#  File has not been updated.

# Not a target:
rcdot.cpp:
#  Implicit rule search has not been done.
#  Modification time never checked.
#  File has not been updated.

# Not a target:
/home/dtrad/cwp/src/Makefile.config:
#  Implicit rule search has been done.
#  Last modified 2013-03-06 15:50:29
#  File has been updated.
#  Successfully updated.

# Not a target:
/home/dtrad/cwp/lib/libsu.a:
#  Implicit rule search has not been done.
#  Modification time never checked.
#  File has not been updated.

suradonhybrid.o: suradonhybrid.cpp
#  Implicit rule search has not been done.
#  Modification time never checked.
#  File has not been updated.
#  recipe to execute (from `Makefile', line 30):
	${CPP} $(FLAG) $(OPTC) $(ENDIANFLAG) $? $(IDIR)

# Not a target:
/home/dtrad/cwp/lib/libpar.a:
#  Implicit rule search has not been done.
#  Modification time never checked.
#  File has not been updated.

getvelocities.o: getvelocities.cpp
#  Implicit rule search has not been done.
#  Modification time never checked.
#  File has not been updated.
#  recipe to execute (from `Makefile', line 56):
	${CPP} $(FLAG) $(OPTC) $(ENDIANFLAG) $? $(IDIR)

# Not a target:
cdot.cpp:
#  Implicit rule search has not been done.
#  Modification time never checked.
#  File has not been updated.

nmo.o: nmo.cpp
#  Implicit rule search has not been done.
#  Modification time never checked.
#  File has not been updated.
#  recipe to execute (from `Makefile', line 46):
	${CPP} $(FLAG) $(OPTC) $(ENDIANFLAG) $? $(IDIR)

# files hash-table stats:
# Load=87/1024=8%, Rehash=0, Collisions=38/245=16%
# VPATH Search Paths

# No `vpath' search paths.

# No general (`VPATH' variable) search path.

# # of strings in strcache: 0 / lookups = 285 / hits = 285
# # of strcache buffers: 1 (* 8176 B/buffer = 8176 B)
# strcache used: total = 0 (1656) / max = 0 / min = 8176 / avg = 0
# strcache free: total = 0 (6520) / max = 0 / min = 8176 / avg = 0

# strcache hash-table stats:
# Load=131/8192=2%, Rehash=0, Collisions=25/285=9%
# Finished Make data base on Fri Mar 25 16:59:14 2022

 
